<?xml version="1.0" encoding="UTF-8"?>
<testsuites name="jest tests" tests="1" failures="1" errors="0" time="7.033">
  <testsuite name="authenticate tests" errors="0" failures="1" skipped="0" timestamp="2022-04-06T18:08:34" time="5.259" tests="1">
    <testcase classname="authenticate tests tests authenticate methods" name="authenticate tests tests authenticate methods" time="0.023">
      <failure>TypeError: Cannot read property &apos;authorize&apos; of undefined
    at authorize (/Users/mac/Documents/flemmer-digital-tech/templates/app-template/app/node_modules/react-native-app-auth/index.js:246:20)
    at authenticate (/Users/mac/Documents/flemmer-digital-tech/templates/app-template/app/src/modules/authentication/authenticate.ts:6:36)
    at Object.&lt;anonymous&gt; (/Users/mac/Documents/flemmer-digital-tech/templates/app-template/app/src/modules/authentication/authenticate.test.ts:5:33)
    at Object.asyncJestTest (/Users/mac/Documents/flemmer-digital-tech/templates/app-template/app/node_modules/jest-jasmine2/build/jasmineAsyncInstall.js:106:37)
    at /Users/mac/Documents/flemmer-digital-tech/templates/app-template/app/node_modules/jest-jasmine2/build/queueRunner.js:45:12
    at new Promise (&lt;anonymous&gt;)
    at mapper (/Users/mac/Documents/flemmer-digital-tech/templates/app-template/app/node_modules/jest-jasmine2/build/queueRunner.js:28:19)
    at /Users/mac/Documents/flemmer-digital-tech/templates/app-template/app/node_modules/jest-jasmine2/build/queueRunner.js:75:41
    at processTicksAndRejections (internal/process/task_queues.js:95:5)</failure>
    </testcase>
  </testsuite>
</testsuites>