<?xml version="1.0" encoding="UTF-8"?>
<testsuites name="jest tests" tests="1" failures="0" errors="0" time="3.46">
  <testsuite name="undefined" errors="0" failures="0" skipped="0" timestamp="2022-04-13T07:25:11" time="2.19" tests="1">
    <testcase classname=" passes" name=" passes" time="0.001">
    </testcase>
  </testsuite>
</testsuites>