<?xml version="1.0" encoding="UTF-8"?>
<testsuites name="jest tests" tests="16" failures="0" errors="0" time="9.413">
  <testsuite name="undefined" errors="0" failures="0" skipped="0" timestamp="2022-05-01T16:06:35" time="2.409" tests="1">
    <testcase classname=" passes" name=" passes" time="0.002">
    </testcase>
  </testsuite>
  <testsuite name="authenticate tests" errors="0" failures="0" skipped="0" timestamp="2022-05-01T16:06:35" time="2.468" tests="1">
    <testcase classname="authenticate tests tests authenticate methods" name="authenticate tests tests authenticate methods" time="0.002">
    </testcase>
  </testsuite>
  <testsuite name="undefined" errors="0" failures="0" skipped="0" timestamp="2022-05-01T16:06:35" time="2.433" tests="1">
    <testcase classname=" passes" name=" passes" time="0.003">
    </testcase>
  </testsuite>
  <testsuite name="TextView" errors="0" failures="0" skipped="0" timestamp="2022-05-01T16:06:35" time="3.351" tests="2">
    <testcase classname="TextView renders correctly" name="TextView renders correctly" time="0.198">
    </testcase>
    <testcase classname="TextView Renders and style prop changes style" name="TextView Renders and style prop changes style" time="0.019">
    </testcase>
  </testsuite>
  <testsuite name="undefined" errors="0" failures="0" skipped="0" timestamp="2022-05-01T16:06:35" time="3.278" tests="1">
    <testcase classname=" renders and shows sign in text" name=" renders and shows sign in text" time="0.246">
    </testcase>
  </testsuite>
  <testsuite name="undefined" errors="0" failures="0" skipped="0" timestamp="2022-05-01T16:06:35" time="3.479" tests="1">
    <testcase classname=" renders" name=" renders" time="0.292">
    </testcase>
  </testsuite>
  <testsuite name="undefined" errors="0" failures="0" skipped="0" timestamp="2022-05-01T16:06:35" time="4.664" tests="5">
    <testcase classname=" it automatically starts a stored token authenticate on render" name=" it automatically starts a stored token authenticate on render" time="0.022">
    </testcase>
    <testcase classname=" handles an error on stored token authenticate" name=" handles an error on stored token authenticate" time="0.008">
    </testcase>
    <testcase classname=" exposes a manual athenticate method that calls authenticate without token" name=" exposes a manual athenticate method that calls authenticate without token" time="0.006">
    </testcase>
    <testcase classname=" handles errors raised when manually authenticating" name=" handles errors raised when manually authenticating" time="0.006">
    </testcase>
    <testcase classname=" does not prevent access to the app if notification registration fails" name=" does not prevent access to the app if notification registration fails" time="0.002">
    </testcase>
  </testsuite>
  <testsuite name="undefined" errors="0" failures="0" skipped="0" timestamp="2022-05-01T16:06:35" time="6.168" tests="2">
    <testcase classname=" renders container" name=" renders container" time="2.965">
    </testcase>
    <testcase classname=" removes keybordAvoiding View" name=" removes keybordAvoiding View" time="0.005">
    </testcase>
  </testsuite>
  <testsuite name="undefined" errors="0" failures="0" skipped="0" timestamp="2022-05-01T16:06:35" time="7.343" tests="2">
    <testcase classname=" renders" name=" renders" time="0.09">
    </testcase>
    <testcase classname=" runs function onPress" name=" runs function onPress" time="0.188">
    </testcase>
  </testsuite>
</testsuites>