<?xml version="1.0" encoding="UTF-8"?>
<testsuites name="jest tests" tests="5" failures="0" errors="0" time="2.905">
  <testsuite name="undefined" errors="0" failures="0" skipped="0" timestamp="2022-05-01T15:57:59" time="2.228" tests="5">
    <testcase classname=" it automatically starts a stored token authenticate on render" name=" it automatically starts a stored token authenticate on render" time="0.018">
    </testcase>
    <testcase classname=" handles an error on stored token authenticate" name=" handles an error on stored token authenticate" time="0.011">
    </testcase>
    <testcase classname=" exposes a manual athenticate method that calls authenticate without token" name=" exposes a manual athenticate method that calls authenticate without token" time="0.005">
    </testcase>
    <testcase classname=" handles errors raised when manually authenticating" name=" handles errors raised when manually authenticating" time="0.004">
    </testcase>
    <testcase classname=" does not prevent access to the app if notification registration fails" name=" does not prevent access to the app if notification registration fails" time="0.003">
    </testcase>
  </testsuite>
</testsuites>