<?xml version="1.0" encoding="UTF-8"?>
<testsuites name="jest tests" tests="5" failures="0" errors="0" time="2.206">
  <testsuite name="undefined" errors="0" failures="0" skipped="0" timestamp="2022-04-16T18:53:08" time="0.855" tests="1">
    <testcase classname=" passes" name=" passes" time="0.002">
    </testcase>
  </testsuite>
  <testsuite name="undefined" errors="0" failures="0" skipped="0" timestamp="2022-04-16T18:53:08" time="0.875" tests="1">
    <testcase classname=" passes" name=" passes" time="0.003">
    </testcase>
  </testsuite>
  <testsuite name="authenticate tests" errors="0" failures="0" skipped="0" timestamp="2022-04-16T18:53:08" time="0.87" tests="1">
    <testcase classname="authenticate tests tests authenticate methods" name="authenticate tests tests authenticate methods" time="0.004">
    </testcase>
  </testsuite>
  <testsuite name="undefined" errors="0" failures="0" skipped="0" timestamp="2022-04-16T18:53:08" time="1.076" tests="1">
    <testcase classname=" passes" name=" passes" time="0.002">
    </testcase>
  </testsuite>
  <testsuite name="undefined" errors="0" failures="0" skipped="0" timestamp="2022-04-16T18:53:08" time="1.382" tests="1">
    <testcase classname=" renders and shows sign in text" name=" renders and shows sign in text" time="0.156">
    </testcase>
  </testsuite>
</testsuites>