<?xml version="1.0" encoding="UTF-8"?>
<testsuites name="jest tests" tests="4" failures="0" errors="0" time="1.857">
  <testsuite name="undefined" errors="0" failures="0" skipped="0" timestamp="2022-04-13T16:31:46" time="0.651" tests="1">
    <testcase classname=" passes" name=" passes" time="0.002">
    </testcase>
  </testsuite>
  <testsuite name="undefined" errors="0" failures="0" skipped="0" timestamp="2022-04-13T16:31:46" time="0.836" tests="1">
    <testcase classname=" passes" name=" passes" time="0.002">
    </testcase>
  </testsuite>
  <testsuite name="authenticate tests" errors="0" failures="0" skipped="0" timestamp="2022-04-13T16:31:46" time="0.864" tests="1">
    <testcase classname="authenticate tests tests authenticate methods" name="authenticate tests tests authenticate methods" time="0.004">
    </testcase>
  </testsuite>
  <testsuite name="undefined" errors="0" failures="0" skipped="0" timestamp="2022-04-13T16:31:46" time="1.09" tests="1">
    <testcase classname=" renders and shows sign in text" name=" renders and shows sign in text" time="0.094">
    </testcase>
  </testsuite>
</testsuites>