<?xml version="1.0" encoding="UTF-8"?>
<testsuites name="jest tests" tests="5" failures="0" errors="0" time="3.314">
  <testsuite name="undefined" errors="0" failures="0" skipped="0" timestamp="2022-04-15T17:23:38" time="0.956" tests="1">
    <testcase classname=" passes" name=" passes" time="0.003">
    </testcase>
  </testsuite>
  <testsuite name="undefined" errors="0" failures="0" skipped="0" timestamp="2022-04-15T17:23:38" time="0.96" tests="1">
    <testcase classname=" passes" name=" passes" time="0.002">
    </testcase>
  </testsuite>
  <testsuite name="authenticate tests" errors="0" failures="0" skipped="0" timestamp="2022-04-15T17:23:38" time="0.962" tests="1">
    <testcase classname="authenticate tests tests authenticate methods" name="authenticate tests tests authenticate methods" time="0.003">
    </testcase>
  </testsuite>
  <testsuite name="undefined" errors="0" failures="0" skipped="0" timestamp="2022-04-15T17:23:38" time="1.447" tests="1">
    <testcase classname=" renders and shows sign in text" name=" renders and shows sign in text" time="0.123">
    </testcase>
  </testsuite>
  <testsuite name="Container" errors="0" failures="0" skipped="0" timestamp="2022-04-15T17:23:38" time="2.321" tests="1">
    <testcase classname="Container safe area renders" name="Container safe area renders" time="0.611">
    </testcase>
  </testsuite>
</testsuites>