<?xml version="1.0" encoding="UTF-8"?>
<testsuites name="jest tests" tests="5" failures="0" errors="0" time="7.917">
  <testsuite name="undefined" errors="0" failures="0" skipped="0" timestamp="2022-04-18T16:36:28" time="2.425" tests="1">
    <testcase classname=" passes" name=" passes" time="0.002">
    </testcase>
  </testsuite>
  <testsuite name="undefined" errors="0" failures="0" skipped="0" timestamp="2022-04-18T16:36:28" time="2.438" tests="1">
    <testcase classname=" passes" name=" passes" time="0.002">
    </testcase>
  </testsuite>
  <testsuite name="undefined" errors="0" failures="0" skipped="0" timestamp="2022-04-18T16:36:28" time="2.44" tests="1">
    <testcase classname=" passes" name=" passes" time="0.002">
    </testcase>
  </testsuite>
  <testsuite name="authenticate tests" errors="0" failures="0" skipped="0" timestamp="2022-04-18T16:36:28" time="2.467" tests="1">
    <testcase classname="authenticate tests tests authenticate methods" name="authenticate tests tests authenticate methods" time="0.004">
    </testcase>
  </testsuite>
  <testsuite name="undefined" errors="0" failures="0" skipped="0" timestamp="2022-04-18T16:36:28" time="6.693" tests="1">
    <testcase classname=" renders and shows sign in text" name=" renders and shows sign in text" time="0.792">
    </testcase>
  </testsuite>
</testsuites>